1 : IMM 1 : STARTS
2 : IMM 1 : ENTERS : 1 : 0 : 1
3 : IMM 1 : CHECKS : 1 : 0 : 1
4 : JUDGE : WANTS TO ENTER
5 : JUDGE : ENTERS
6 : JUDGE : STARTS CONFIRMATION
7 : JUDGE : ENDS CONFIRMATION
8 : IMM 1 : WANTS CERTIFICATE : 0 : 0 : 1
9 : IMM 1 : GOT CERTIFICATE : 0 : 0 : 1
10 : IMM 3 : STARTS
11 : IMM 2 : STARTS
12 : IMM 4 : STARTS
13 : JUDGE : LEAVES
14 : IMM 4 : ENTERS : 1 : 0 : 2
15 : IMM 4 : CHECKS : 1 : 0 : 2
16 : IMM 1 : LEAVES : 1 : 1 : 1
17 : IMM 2 : ENTERS : 2 : 1 : 2
18 : IMM 2 : CHECKS : 2 : 1 : 2
19 : IMM 3 : ENTERS : 3 : 2 : 3
20 : IMM 3 : CHECKS : 3 : 2 : 3
21 : IMM 5 : STARTS
22 : IMM 5 : ENTERS : 4 : 3 : 4
23 : IMM 5 : CHECKS : 4 : 3 : 4
24 : JUDGE : WANTS TO ENTER
25 : JUDGE : ENTERS
26 : JUDGE : STARTS CONFIRMATION
27 : JUDGE : ENDS CONFIRMATION
28 : IMM 4 : WANTS CERTIFICATE : 0 : 0 : 4
29 : IMM 3 : WANTS CERTIFICATE : 0 : 0 : 4
30 : IMM 2 : WANTS CERTIFICATE : 0 : 0 : 4
32 : IMM 6 : STARTS
31 : IMM 5 : WANTS CERTIFICATE : 0 : 0 : 4
33 : IMM 5 : GOT CERTIFICATE : 0 : 0 : 4
34 : IMM 3 : GOT CERTIFICATE : 0 : 0 : 4
35 : IMM 2 : GOT CERTIFICATE : 0 : 0 : 4
36 : IMM 4 : GOT CERTIFICATE : 0 : 0 : 4
37 : IMM 7 : STARTS
38 : IMM 9 : STARTS
39 : IMM 8 : STARTS
40 : JUDGE : LEAVES
41 : IMM 9 : ENTERS : 1 : 0 : 5
42 : IMM 9 : CHECKS : 1 : 0 : 5
43 : JUDGE : WANTS TO ENTER
44 : JUDGE : ENTERS
45 : JUDGE : STARTS CONFIRMATION
46 : JUDGE : ENDS CONFIRMATION
47 : IMM 2 : LEAVES : 0 : 0 : 4
48 : IMM 5 : LEAVES : 0 : 0 : 3
49 : IMM 10 : STARTS
50 : IMM 9 : WANTS CERTIFICATE : 0 : 0 : 3
51 : IMM 9 : GOT CERTIFICATE : 0 : 0 : 3
52 : IMM 7 : ENTERS : 1 : 0 : 4
53 : IMM 7 : CHECKS : 1 : 0 : 4
54 : JUDGE : LEAVES
55 : IMM 9 : LEAVES : 1 : 1 : 3
56 : IMM 3 : LEAVES : 1 : 1 : 2
57 : IMM 10 : ENTERS : 2 : 1 : 3
58 : IMM 10 : CHECKS : 2 : 1 : 3
59 : IMM 8 : ENTERS : 3 : 2 : 4
60 : IMM 8 : CHECKS : 3 : 2 : 4
61 : IMM 4 : LEAVES : 3 : 3 : 3
62 : IMM 6 : ENTERS : 4 : 3 : 4
63 : IMM 6 : CHECKS : 4 : 3 : 4
64 : JUDGE : WANTS TO ENTER
65 : JUDGE : ENTERS
66 : JUDGE : STARTS CONFIRMATION
67 : JUDGE : ENDS CONFIRMATION
68 : IMM 10 : WANTS CERTIFICATE : 0 : 0 : 4
71 : IMM 8 : WANTS CERTIFICATE : 0 : 0 : 4
69 : IMM 6 : WANTS CERTIFICATE : 0 : 0 : 4
70 : IMM 7 : WANTS CERTIFICATE : 0 : 0 : 4
72 : IMM 10 : GOT CERTIFICATE : 0 : 0 : 4
73 : IMM 8 : GOT CERTIFICATE : 0 : 0 : 4
74 : IMM 6 : GOT CERTIFICATE : 0 : 0 : 4
75 : IMM 7 : GOT CERTIFICATE : 0 : 0 : 4
76 : JUDGE : LEAVES
77 : JUDGE : FINISHES
78 : IMM 7 : LEAVES : 0 : 0 : 3
79 : IMM 6 : LEAVES : 0 : 0 : 2
80 : IMM 10 : LEAVES : 0 : 0 : 1
81 : IMM 8 : LEAVES : 0 : 0 : 0